c:\users\rob\desktop\shmupmain\shmup\x64\debug\vc143.pdb
c:\users\rob\desktop\shmupmain\shmup\x64\debug\vc143.idb
c:\users\rob\desktop\shmupmain\shmup\x64\debug\resourcemanager.obj
c:\users\rob\desktop\shmupmain\shmup\x64\debug\processmanager.obj
c:\users\rob\desktop\shmupmain\shmup\x64\debug\main.obj
c:\users\rob\desktop\shmupmain\shmup\x64\debug\loadingprocess.obj
c:\users\rob\desktop\shmupmain\shmup\x64\debug\game.obj
c:\users\rob\desktop\shmupmain\shmup\x64\debug\entitymanager.obj
c:\users\rob\desktop\shmupmain\shmup\x64\debug\player.obj
c:\users\rob\desktop\shmupmain\shmup\x64\debug\controls.obj
c:\users\rob\desktop\shmupmain\shmup\x64\debug\shmup.pdb
c:\users\rob\desktop\shmupmain\shmup\x64\debug\shmup.tlog\cl.command.1.tlog
c:\users\rob\desktop\shmupmain\shmup\x64\debug\shmup.tlog\cl.read.1.tlog
c:\users\rob\desktop\shmupmain\shmup\x64\debug\shmup.tlog\cl.write.1.tlog
c:\users\rob\desktop\shmupmain\shmup\x64\debug\shmup.tlog\link-cvtres.read.1.tlog
c:\users\rob\desktop\shmupmain\shmup\x64\debug\shmup.tlog\link-cvtres.write.1.tlog
c:\users\rob\desktop\shmupmain\shmup\x64\debug\shmup.tlog\link-rc.read.1.tlog
c:\users\rob\desktop\shmupmain\shmup\x64\debug\shmup.tlog\link-rc.write.1.tlog
c:\users\rob\desktop\shmupmain\shmup\x64\debug\shmup.tlog\link.command.1.tlog
c:\users\rob\desktop\shmupmain\shmup\x64\debug\shmup.tlog\link.read.1.tlog
c:\users\rob\desktop\shmupmain\shmup\x64\debug\shmup.tlog\link.read.2.tlog
c:\users\rob\desktop\shmupmain\shmup\x64\debug\shmup.tlog\link.write.1.tlog
